INFO:     Will watch for changes in these directories: ['D:\\GenAI_udemy\\Git_Projects\\Cross-Asset Causal Discovery Engine']
INFO:     Uvicorn running on http://127.0.0.1:8000 (Press CTRL+C to quit)
INFO:     Started reloader process [3992] using WatchFiles
INFO:     Started server process [2424]
INFO:     Waiting for application startup.
INFO:     Application startup complete.
WARNING:  WatchFiles detected changes in 'api\main.py'. Reloading...
INFO:     Shutting down
INFO:     Waiting for application shutdown.
INFO:     Application shutdown complete.
INFO:     Finished server process [2424]
WARNING:  WatchFiles detected changes in 'dashboard\app.py', 'tests\test_api.py', 'dashboard\api_client.py'. Reloading...
INFO:     Started server process [17976]
INFO:     Waiting for application startup.
INFO:     Application startup complete.
INFO:     Shutting down
INFO:     Waiting for application shutdown.
INFO:     Application shutdown complete.
INFO:     Finished server process [17976]
INFO:     Started server process [5248]
INFO:     Waiting for application startup.
INFO:     Application startup complete.
